<?xml version="1.0" encoding="UTF-8"?>
<testsuite xmlns:xsi="http://www.w3.org/2001/XMLSchema-instance" xsi:schemaLocation="https://maven.apache.org/surefire/maven-surefire-plugin/xsd/surefire-test-report.xsd" name="cl.emagina.curso.fakewarehouse.TestFakeWarehouseApp" time="0.185" tests="12" errors="0" skipped="0" failures="0">
  <properties>
    <property name="java.runtime.name" value="Java(TM) SE Runtime Environment"/>
    <property name="sun.boot.library.path" value="C:\Program Files\Java\jdk1.8.0_121\jre\bin"/>
    <property name="java.vm.version" value="25.121-b13"/>
    <property name="java.vm.vendor" value="Oracle Corporation"/>
    <property name="maven.multiModuleProjectDirectory" value="c:\Users\Owner\Documents\curso ybl 2018\fake-warehouse\code\fake-warehouse"/>
    <property name="java.vendor.url" value="http://java.oracle.com/"/>
    <property name="path.separator" value=";"/>
    <property name="guice.disable.misplaced.annotation.check" value="true"/>
    <property name="java.vm.name" value="Java HotSpot(TM) 64-Bit Server VM"/>
    <property name="file.encoding.pkg" value="sun.io"/>
    <property name="user.script" value=""/>
    <property name="user.country" value="US"/>
    <property name="sun.java.launcher" value="SUN_STANDARD"/>
    <property name="sun.os.patch.level" value=""/>
    <property name="java.vm.specification.name" value="Java Virtual Machine Specification"/>
    <property name="user.dir" value="c:\Users\Owner\Documents\curso ybl 2018\fake-warehouse\code\fake-warehouse"/>
    <property name="java.runtime.version" value="1.8.0_121-b13"/>
    <property name="java.awt.graphicsenv" value="sun.awt.Win32GraphicsEnvironment"/>
    <property name="java.endorsed.dirs" value="C:\Program Files\Java\jdk1.8.0_121\jre\lib\endorsed"/>
    <property name="os.arch" value="amd64"/>
    <property name="java.io.tmpdir" value="C:\Users\Owner\AppData\Local\Temp\"/>
    <property name="line.separator" value="&#10;"/>
    <property name="java.vm.specification.vendor" value="Oracle Corporation"/>
    <property name="user.variant" value=""/>
    <property name="os.name" value="Windows 10"/>
    <property name="classworlds.conf" value="C:\Program Files\apache-maven-3.3.9\bin\m2.conf"/>
    <property name="sun.jnu.encoding" value="Cp1252"/>
    <property name="java.library.path" value="C:\Program Files\Java\jdk1.8.0_121\bin;C:\WINDOWS\Sun\Java\bin;C:\WINDOWS\system32;C:\WINDOWS;C:\ProgramData\Oracle\Java\javapath;C:\WINDOWS\system32;C:\WINDOWS;C:\WINDOWS\System32\Wbem;C:\WINDOWS\System32\WindowsPowerShell\v1.0\;C:\Program Files\TortoiseHg\;c:\Program Files (x86)\Microsoft SQL Server\90\Tools\binn\;C:\Program Files\apache-maven-3.3.9\bin;C:\Program Files\Java\jdk1.8.0_121\bin;C:\Program Files\Git\cmd;C:\Program Files (x86)\Gow\bin;?C:\Program Files (x86)\SDEdit\sdedit-4.01.jar;C:\Program Files (x86)\UMLGraph\\bin;C:\Program Files (x86)\Graphviz2.38\bin;C:\Users\Owner\AppData\Local\Microsoft\WindowsApps;C:\Users\Owner\AppData\Local\Programs\MiKTeX 2.9\miktex\bin\x64\;."/>
    <property name="java.specification.name" value="Java Platform API Specification"/>
    <property name="java.class.version" value="52.0"/>
    <property name="sun.management.compiler" value="HotSpot 64-Bit Tiered Compilers"/>
    <property name="os.version" value="10.0"/>
    <property name="user.home" value="C:\Users\Owner"/>
    <property name="user.timezone" value="America/Santiago"/>
    <property name="java.awt.printerjob" value="sun.awt.windows.WPrinterJob"/>
    <property name="java.specification.version" value="1.8"/>
    <property name="file.encoding" value="Cp1252"/>
    <property name="user.name" value="Owner"/>
    <property name="java.class.path" value="C:\Program Files\apache-maven-3.3.9\boot\plexus-classworlds-2.5.2.jar"/>
    <property name="java.vm.specification.version" value="1.8"/>
    <property name="sun.arch.data.model" value="64"/>
    <property name="java.home" value="C:\Program Files\Java\jdk1.8.0_121\jre"/>
    <property name="sun.java.command" value="org.codehaus.plexus.classworlds.launcher.Launcher test"/>
    <property name="java.specification.vendor" value="Oracle Corporation"/>
    <property name="user.language" value="en"/>
    <property name="awt.toolkit" value="sun.awt.windows.WToolkit"/>
    <property name="java.vm.info" value="mixed mode"/>
    <property name="java.version" value="1.8.0_121"/>
    <property name="java.ext.dirs" value="C:\Program Files\Java\jdk1.8.0_121\jre\lib\ext;C:\WINDOWS\Sun\Java\lib\ext"/>
    <property name="sun.boot.class.path" value="C:\Program Files\Java\jdk1.8.0_121\jre\lib\resources.jar;C:\Program Files\Java\jdk1.8.0_121\jre\lib\rt.jar;C:\Program Files\Java\jdk1.8.0_121\jre\lib\sunrsasign.jar;C:\Program Files\Java\jdk1.8.0_121\jre\lib\jsse.jar;C:\Program Files\Java\jdk1.8.0_121\jre\lib\jce.jar;C:\Program Files\Java\jdk1.8.0_121\jre\lib\charsets.jar;C:\Program Files\Java\jdk1.8.0_121\jre\lib\jfr.jar;C:\Program Files\Java\jdk1.8.0_121\jre\classes"/>
    <property name="sun.stderr.encoding" value="cp437"/>
    <property name="java.vendor" value="Oracle Corporation"/>
    <property name="maven.home" value="C:\Program Files\apache-maven-3.3.9"/>
    <property name="file.separator" value="\"/>
    <property name="java.vendor.url.bug" value="http://bugreport.sun.com/bugreport/"/>
    <property name="sun.cpu.endian" value="little"/>
    <property name="sun.io.unicode.encoding" value="UnicodeLittle"/>
    <property name="sun.stdout.encoding" value="cp437"/>
    <property name="sun.desktop" value="windows"/>
    <property name="sun.cpu.isalist" value="amd64"/>
  </properties>
  <testcase name="correct_number_of_params" classname="cl.emagina.curso.fakewarehouse.TestFakeWarehouseApp" time="0.1"/>
  <testcase name="deberia_Retornar_IllegalArgumentException_1_Params_Cuando_Espera_7" classname="cl.emagina.curso.fakewarehouse.TestFakeWarehouseApp" time="0"/>
  <testcase name="retorna_IllegalArgumentException_Si_Param_2_No_Es_Archivo" classname="cl.emagina.curso.fakewarehouse.TestFakeWarehouseApp" time="0"/>
  <testcase name="retorna_IllegalArgumentException_Si_Param_6_Es_Mayor_Que_65535" classname="cl.emagina.curso.fakewarehouse.TestFakeWarehouseApp" time="0"/>
  <testcase name="retorna_IllegalArgumentException_Si_Param_6_Es_Menor_Que_0" classname="cl.emagina.curso.fakewarehouse.TestFakeWarehouseApp" time="0"/>
  <testcase name="retorna_IllegalArgumentException_Si_Param_6_No_ES_Un_Puerto_Valido_Al_Recibir_String" classname="cl.emagina.curso.fakewarehouse.TestFakeWarehouseApp" time="0"/>
  <testcase name="deberia_Retornar_IllegalArgumentException_Si_Recibe_8_Params_Cuando_Espera_7" classname="cl.emagina.curso.fakewarehouse.TestFakeWarehouseApp" time="0"/>
  <testcase name="retorna_TRUE_si_param_1_es_INVENT" classname="cl.emagina.curso.fakewarehouse.TestFakeWarehouseApp" time="0"/>
  <testcase name="retorna_IllegalArgumentException_SI_Param_5_No_ES_IP_Valido" classname="cl.emagina.curso.fakewarehouse.TestFakeWarehouseApp" time="0"/>
  <testcase name="retorna_IllegalArgumentException_Si_Param_1_No_Es_INVENT_o_CARTOLA_o_PLANGER" classname="cl.emagina.curso.fakewarehouse.TestFakeWarehouseApp" time="0"/>
  <testcase name="retorna_IllegalArgumentException_Si_Parametro1_es_INVENT_y_archivo_no_es_txt" classname="cl.emagina.curso.fakewarehouse.TestFakeWarehouseApp" time="0.016"/>
  <testcase name="deberia_Retornar_IllegalArgumentException_Si_No_Recibe_Params" classname="cl.emagina.curso.fakewarehouse.TestFakeWarehouseApp" time="0"/>
</testsuite>